#separator \x09
#set_separator	,
#empty_field	(empty)
#unset_field	-
#path	stats
#open	2017-10-05-10-51-24
#fields	ts	peer	mem	pkts_proc	bytes_recv	pkts_dropped	pkts_link	pkt_lag	events_proc	events_queued	active_tcp_conns	active_udp_conns	active_icmp_conns	tcp_conns	udp_conns	icmp_conns	timers	active_timers	files	active_files	dns_requests	active_dns_requests	reassem_tcp_size	reassem_file_size	reassem_frag_size	reassem_unknown_size
#types	time	string	count	count	count	count	count	interval	count	count	count	count	count	count	count	count	count	count	count	count	count	count	count	count	count	count
300.000552	bro	66	23120	22538854	-	-	-	9508	9128	36	35	1	102	317	4	2701	266	203	0	2	2	504	0	0	0
600.224231	bro	73	20561	9770276	-	-	-	34842	34840	47	4	0	491	1220	0	9657	238	803	0	0	0	240	0	0	0
900.598670	bro	76	10008	4667765	-	-	-	14765	14767	55	0	0	140	576	0	5158	217	247	0	0	0	112	0	0	0
1200.762754	bro	77	26353	18566999	-	-	-	21471	21471	63	0	0	206	496	0	6130	317	463	1	0	0	0	0	0	0
1500.957164	bro	77	7757	3350022	-	-	-	8587	8604	39	21	0	102	303	1	3623	244	142	0	1	0	1480	0	0	0
1801.638948	bro	78	18637	10523356	-	-	-	19691	19671	28	0	0	182	485	0	5776	142	416	0	0	0	0	0	0	0
2101.709776	bro	78	14189	7137037	-	-	-	20390	20389	116	13	0	239	565	0	5435	703	470	0	0	0	0	0	0	0
2401.715622	bro	80	25611	13425469	-	-	-	28974	28978	61	33	0	328	875	1	9745	349	635	0	0	0	344	0	0	0
2702.152537	bro	80	13254	5719304	-	-	-	18682	18681	49	0	0	220	706	0	6065	250	332	0	0	0	112	0	0	0
3002.243373	bro	80	29899	21953255	-	-	-	17237	17234	34	23	0	197	431	0	5746	231	316	0	0	0	0	0	0	0
3302.265555	bro	80	24799	24025841	-	-	-	8734	8737	27	31	0	92	344	0	3772	176	162	0	0	0	0	0	0	0
3603.073735	bro	80	14648	9223179	-	-	-	9594	9598	26	0	0	87	447	0	3775	142	147	0	0	0	576	0	0	0
3904.339756	bro	80	13506	8053572	-	-	-	11113	11106	11	0	0	115	302	1	4164	71	205	0	0	0	0	0	0	0
4204.822142	bro	80	8390	4210524	-	-	-	10603	10606	22	5	0	116	475	0	3710	94	166	0	0	0	0	0	0	0
4504.960568	bro	80	22126	10548976	-	-	-	32320	32319	89	0	0	354	911	0	8652	585	761	0	0	0	72	0	0	0
4805.036184	bro	80	15002	10242555	-	-	-	11317	11317	43	35	0	123	422	0	4871	262	212	0	0	0	488	0	0	0
5105.324113	bro	80	18438	9615100	-	-	-	20874	20873	63	20	0	258	739	0	6590	358	377	0	0	0	0	0	0	0
5406.038692	bro	80	15922	7602849	-	-	-	21130	21129	55	3	0	243	667	1	6447	321	436	0	0	0	0	0	0	0
5706.116505	bro	80	17097	10874054	-	-	-	11798	11797	46	1	0	129	388	0	5102	196	221	0	0	0	0	0	0	0
6006.295749	bro	80	15898	7905257	-	-	-	23018	23018	51	18	0	212	584	0	6871	239	444	0	0	0	1112	0	0	0
6306.363664	bro	81	14418	5353732	-	-	-	25576	25577	111	17	0	300	842	0	7573	460	410	0	0	0	184	0	0	0
6606.367376	bro	81	16532	7544469	-	-	-	22999	23004	131	57	0	243	723	0	7302	618	359	0	0	0	1016	0	0	0
6907.054181	bro	81	14498	7470806	-	-	-	16537	16533	34	0	1	135	727	1	6644	179	237	0	0	0	112	0	0	0
7207.149636	bro	81	14504	10437915	-	-	-	11671	11674	50	68	0	120	299	0	3706	419	251	1	0	0	0	0	0	0
7510.634113	bro	81	3636	2626789	-	-	-	1428	1426	2	1	0	10	51	0	1710	36	23	0	2	2	0	0	0	0
7810.679653	bro	81	6251	3650154	-	-	-	6346	6344	27	0	0	76	176	0	1978	168	120	0	0	0	0	0	0	0
8110.695349	bro	82	14100	8195873	-	-	-	16633	16637	54	22	0	177	514	0	5011	287	285	0	0	0	0	0	0	0
8410.758444	bro	82	14854	6026605	-	-	-	21052	21056	68	42	0	294	588	0	6492	428	391	0	0	0	1552	0	0	0
8711.028725	bro	82	15714	7561296	-	-	-	20391	20382	66	8	0	271	579	0	7556	277	295	0	0	0	0	0	0	0
9011.741446	bro	82	10172	5092698	-	-	-	11550	11559	38	21	0	137	417	0	4364	253	198	0	0	0	0	0	0	0
9313.562414	bro	82	16999	13526487	-	-	-	7321	7314	26	11	0	55	389	0	2996	161	100	0	0	0	96	0	0	0
9613.931722	bro	82	9018	3052701	-	-	-	15876	15877	27	0	0	179	518	0	5983	105	344	0	0	0	1512	0	0	0
9914.498262	bro	82	9897	6294665	-	-	-	8139	8136	28	8	0	87	291	0	4016	220	160	0	0	0	288	0	0	0
10214.530960	bro	82	16165	8130530	-	-	-	23755	23773	70	12	0	299	709	1	7123	404	512	0	0	0	1440	0	0	0
10514.564244	bro	83	21834	10510820	-	-	-	33818	33807	87	14	0	408	1150	0	10883	415	564	0	0	0	568	0	0	0
10815.029412	bro	83	21590	11692210	-	-	-	29676	29675	60	1	0	350	813	0	9174	410	619	0	0	0	0	0	0	0
11115.349553	bro	83	11642	5647388	-	-	-	14918	14912	48	12	0	193	416	0	5155	363	328	0	0	0	0	0	0	0
11416.050501	bro	83	19468	12415283	-	-	-	11156	11161	36	19	0	204	272	0	4286	221	184	0	0	0	0	0	0	0
11716.603089	bro	83	16375	9764250	-	-	-	11714	11712	28	1	0	150	370	0	4323	115	210	0	0	0	0	0	0	0
12016.678804	bro	83	14399	4956034	-	-	-	26405	26407	78	15	0	321	840	0	8300	355	417	0	0	0	1480	0	0	0
12317.712142	bro	83	10239	5782128	-	-	-	6192	6189	32	0	0	75	183	0	3369	136	103	0	1	1	0	0	0	0
12617.742471	bro	83	8461	4184316	-	-	-	8940	8940	27	16	0	111	270	0	3591	147	170	0	0	0	96	0	0	0
12917.977116	bro	83	9888	5137284	-	-	-	11469	11477	26	13	0	130	356	0	4100	137	199	0	0	0	0	0	0	0
13218.056976	bro	83	13863	6703083	-	-	-	20052	20043	56	9	0	235	605	0	5661	367	418	0	0	0	72	0	0	0
13518.592923	bro	83	11911	5007398	-	-	-	15177	15181	32	19	0	184	509	0	5616	222	272	0	0	0	0	0	0	0
13818.692678	bro	83	15387	9148856	-	-	-	16916	16914	51	29	0	174	723	0	5389	362	290	0	0	0	96	0	0	0
14119.671805	bro	83	9680	4694646	-	-	-	10832	10834	15	5	0	150	348	0	4197	96	203	0	0	0	0	0	0	0
14419.681092	bro	83	11621	6172376	-	-	-	12187	12187	41	0	0	164	444	0	4019	194	230	0	0	0	440	0	0	0
14719.865168	bro	83	15518	8805509	-	-	-	18771	18770	58	8	1	281	647	1	5635	418	375	0	0	0	144	0	0	0
#close	2017-10-05-10-51-41
